<?xml version="1.0" encoding="UTF-8"?>
<testsuite xmlns:xsi="http://www.w3.org/2001/XMLSchema-instance" xsi:noNamespaceSchemaLocation="https://maven.apache.org/surefire/maven-surefire-plugin/xsd/surefire-test-report.xsd" name="BackupTest" time="0.145" tests="7" errors="0" skipped="0" failures="0">
  <properties>
[...]
</properties>
  <testcase name="testSaveShoppingCartEx" classname="BackupTest" time="0.024"/>
  <testcase name="testNullDeserializeShoppingCart" classname="BackupTest" time="0"/>
  <testcase name="saveShoppingCart" classname="BackupTest" time="0.109"/>
  <testcase name="testSerializeShoppingCart" classname="BackupTest" time="0.001"/>
  <testcase name="testDeserializeShoppingCart" classname="BackupTest" time="0"/>
  <testcase name="testLoadShoppingCart" classname="BackupTest" time="0.002"/>
  <testcase name="testDeserializeShoppingCartIF" classname="BackupTest" time="0.001"/>
</testsuite>